2025-07-05 08:44:14,926 - INFO - 矩形检测程序调试模式已启动
2025-07-05 08:44:14,935 - INFO - 开始检测红色矩形框: base
2025-07-05 08:44:14,942 - INFO - 开始检测褐色矩形框和青色点: compare
2025-07-05 08:44:14,948 - INFO - 开始执行排除只包含青色点的红色框逻辑
2025-07-05 08:44:14,948 - INFO - 开始计算Z1和Z2值
2025-07-05 08:44:14,949 - INFO - 开始计算第一层准确率
2025-07-05 08:44:14,949 - INFO - 开始计算第二层准确率
2025-07-05 08:44:14,949 - INFO - 开始生成匹配统计信息
2025-07-05 08:44:14,950 - INFO - 调试数据保存完成
2025-07-05 08:45:06,377 - INFO - 矩形检测程序调试模式已启动
2025-07-05 08:45:06,387 - INFO - 开始检测红色矩形框: base
2025-07-05 08:45:06,393 - INFO - 开始检测褐色矩形框和青色点: compare
2025-07-05 08:45:06,400 - INFO - 开始执行排除只包含青色点的红色框逻辑
2025-07-05 08:45:06,400 - INFO - 开始计算Z1和Z2值
2025-07-05 08:45:06,401 - INFO - 开始计算第一层准确率
2025-07-05 08:45:06,401 - INFO - 开始计算第二层准确率
2025-07-05 08:45:06,401 - INFO - 开始生成匹配统计信息
2025-07-05 08:45:06,401 - ERROR - 程序执行出错: unsupported format string passed to list.__format__
2025-07-05 08:46:16,142 - INFO - 矩形检测程序调试模式已启动
2025-07-05 08:46:16,152 - INFO - 开始检测红色矩形框: base
2025-07-05 08:46:16,159 - INFO - 开始检测褐色矩形框和青色点: compare
2025-07-05 08:46:16,165 - INFO - 开始执行排除只包含青色点的红色框逻辑
2025-07-05 08:46:16,166 - INFO - 开始计算Z1和Z2值
2025-07-05 08:46:16,166 - INFO - 开始计算第一层准确率
2025-07-05 08:46:16,166 - INFO - 开始计算第二层准确率
2025-07-05 08:46:16,166 - INFO - 开始生成匹配统计信息
2025-07-05 08:46:16,167 - INFO - 调试数据保存完成
